<?xml version="1.0" encoding="UTF-8"?>
<!-- Generated by org.testng.reporters.JUnitReportReporter -->
<testsuite skipped="0" hostname="LAPTOP-D7NV6584" name="com.class01.TestNGTask" tests="3" failures="0" timestamp="2020-01-11T14:07:37 EST" time="0.016" errors="0">
  <testcase name="b" time="0.002" classname="com.class01.TestNGTask"/>
  <testcase name="a" time="0.013" classname="com.class01.TestNGTask"/>
  <testcase name="c" time="0.001" classname="com.class01.TestNGTask"/>
</testsuite> <!-- com.class01.TestNGTask -->
