<?xml version="1.0" encoding="UTF-8"?>
<!-- Generated by org.testng.reporters.JUnitReportReporter -->
<testsuite skipped="0" hostname="LAPTOP-D7NV6584" name="com.class01.TestNGDemo" tests="3" failures="0" timestamp="2020-01-11T13:58:58 EST" time="0.014" errors="0">
  <testcase name="testThree" time="0.001" classname="com.class01.TestNGDemo"/>
  <testcase name="testOne" time="0.012" classname="com.class01.TestNGDemo"/>
  <testcase name="testTwo" time="0.001" classname="com.class01.TestNGDemo"/>
</testsuite> <!-- com.class01.TestNGDemo -->
