<?xml version="1.0" encoding="UTF-8"?>
<!-- Generated by org.testng.reporters.JUnitReportReporter -->
<testsuite skipped="0" hostname="LAPTOP-D7NV6584" name="com.class01.TaskTwo" tests="2" failures="0" timestamp="2020-01-11T14:29:18 EST" time="0.007" errors="0">
  <testcase name="testTwo" time="0.001" classname="com.class01.TaskTwo"/>
  <testcase name="testOne" time="0.006" classname="com.class01.TaskTwo"/>
</testsuite> <!-- com.class01.TaskTwo -->
