<?xml version="1.0" encoding="UTF-8"?>
<!-- Generated by org.testng.reporters.JUnitReportReporter -->
<testsuite skipped="0" hostname="LAPTOP-D7NV6584" name="com.class02.AssertionsDemo" tests="2" failures="0" timestamp="2020-01-12T11:53:38 EST" time="12.501" errors="0">
  <testcase name="titleValidation" time="5.787" classname="com.class02.AssertionsDemo"/>
  <testcase name="logoValidate" time="6.714" classname="com.class02.AssertionsDemo"/>
</testsuite> <!-- com.class02.AssertionsDemo -->
