<?xml version="1.0" encoding="UTF-8"?>
<!-- Generated by org.testng.reporters.JUnitReportReporter -->
<testsuite skipped="0" hostname="LAPTOP-D7NV6584" name="com.class02.HW" tests="2" failures="0" timestamp="2020-01-12T12:07:58 EST" time="13.462" errors="0">
  <testcase name="validationOfMessage" time="5.527" classname="com.class02.HW"/>
  <testcase name="validationOfLogo" time="7.935" classname="com.class02.HW"/>
</testsuite> <!-- com.class02.HW -->
