<?xml version="1.0" encoding="UTF-8"?>
<!-- Generated by org.testng.reporters.JUnitReportReporter -->
<testsuite skipped="0" hostname="LAPTOP-D7NV6584" name="com.class01.TitleLogoAndLoginVerification" tests="2" failures="0" timestamp="2020-01-11T15:01:54 EST" time="12.608" errors="0">
  <testcase name="titleValidation" time="6.549" classname="com.class01.TitleLogoAndLoginVerification"/>
  <testcase name="logoValidate" time="6.059" classname="com.class01.TitleLogoAndLoginVerification"/>
</testsuite> <!-- com.class01.TitleLogoAndLoginVerification -->
